<?xml version="1.0" encoding="UTF-8"?>
<!-- Generated by org.testng.reporters.JUnitReportReporter -->
<testsuite name="scripts.elementCheck" tests="1" time="4.329" ignored="0" failures="0" timestamp="21 Apr 2020 01:29:25 GMT" skipped="0" hostname="Razin-Anik" errors="0">
  <testcase name="validateElementPresent" time="4.329" classname="scripts.elementCheck"/>
</testsuite> <!-- scripts.elementCheck -->
