<?xml version="1.0" encoding="UTF-8"?>
<!-- Generated by org.testng.reporters.JUnitReportReporter -->
<testsuite name="scripts.codeRun" tests="3" time="0.018" ignored="0" failures="0" timestamp="23 Apr 2020 00:43:22 GMT" skipped="0" hostname="Razin-Anik" errors="0">
  <testcase name="ctest" time="0.004" classname="scripts.codeRun"/>
  <testcase name="atest" time="0.012" classname="scripts.codeRun"/>
  <testcase name="btest" time="0.002" classname="scripts.codeRun"/>
</testsuite> <!-- scripts.codeRun -->
