<?xml version="1.0" encoding="UTF-8"?>
<!-- Generated by org.testng.reporters.JUnitReportReporter -->
<testsuite name="scripts.instragramTest" tests="4" time="3.897" ignored="0" failures="0" timestamp="05 May 2020 00:41:21 GMT" skipped="0" hostname="Razin-Anik" errors="0">
  <testcase name="instaSignup" time="0.942" classname="scripts.instragramTest"/>
  <testcase name="instaSignup" time="0.927" classname="scripts.instragramTest"/>
  <testcase name="instaSignup" time="1.050" classname="scripts.instragramTest"/>
  <testcase name="instaSignup" time="0.978" classname="scripts.instragramTest"/>
</testsuite> <!-- scripts.instragramTest -->
