<?xml version="1.0" encoding="UTF-8"?>
<!-- Generated by org.testng.reporters.JUnitReportReporter -->
<testsuite name="scripts.testRun" tests="3" time="0.011" ignored="0" failures="0" timestamp="21 Apr 2020 01:16:36 GMT" skipped="0" hostname="Razin-Anik" errors="0">
  <testcase name="validateUrl" time="0.007" classname="scripts.testRun"/>
  <testcase name="validateTextPresnt" time="0.002" classname="scripts.testRun"/>
  <testcase name="validateTitle" time="0.002" classname="scripts.testRun"/>
</testsuite> <!-- scripts.testRun -->
