<?xml version="1.0" encoding="UTF-8"?>
<!-- Generated by org.testng.reporters.JUnitReportReporter -->
<testsuite name="scripts.codeRun" tests="2" time="0.009" ignored="1" failures="0" timestamp="18 May 2020 23:01:49 GMT" skipped="0" hostname="Razin-Anik" errors="0">
  <testcase name="ctest" time="0.007" classname="scripts.codeRun"/>
  <testcase name="btest" time="0.002" classname="scripts.codeRun"/>
  <testcase name="atest" classname="scripts.codeRun">
    <skipped/>
  </testcase> <!-- atest -->
</testsuite> <!-- scripts.codeRun -->
